<?xml version="1.0" encoding="UTF-8"?>
<!-- Generated by org.testng.reporters.JUnitReportReporter -->
<testsuite hostname="DESKTOP-N29B01S" failures="0" tests="1" name="service.git.events.tests.APITest" time="2.219" errors="0" timestamp="31 Jan 2021 14:29:23 GMT" skipped="0">
  <testcase classname="service.git.events.tests.APITest" name="verifyEventAPI" time="2.219"/>
</testsuite> <!-- service.git.events.tests.APITest -->
