<?xml version="1.0" encoding="UTF-8"?>
<!-- Generated by org.testng.reporters.JUnitReportReporter -->
<testsuite hostname="DESKTOP-N29B01S" failures="0" tests="1" name="web.amazon.tests.PriceCheck" time="4.606" errors="0" timestamp="2021-01-31T22:26:45 AWST" skipped="0">
  <testcase classname="web.amazon.tests.PriceCheck" name="verifyProductPrice" time="4.606"/>
  <system-out/>
</testsuite> <!-- web.amazon.tests.PriceCheck -->
