<?xml version="1.0" encoding="UTF-8"?>
<!-- Generated by org.testng.reporters.JUnitReportReporter -->
<testsuite hostname="DESKTOP-N29B01S" failures="0" tests="1" name="service.git.events.tests.EventsTests" time="1.724" errors="0" timestamp="2021-01-31T22:21:47 AWST" skipped="0">
  <testcase classname="service.git.events.tests.EventsTests" name="verifyEventAPI" time="1.724"/>
  <system-out/>
</testsuite> <!-- service.git.events.tests.EventsTests -->
