<?xml version="1.0" encoding="UTF-8"?>
<!-- Generated by org.testng.reporters.JUnitReportReporter -->
<testsuite hostname="DESKTOP-N29B01S" failures="0" tests="1" name="web.amazon.tests.PriceTests" time="4.612" errors="0" timestamp="2021-01-31T22:25:31 AWST" skipped="0">
  <testcase classname="web.amazon.tests.PriceTests" name="verifyProductPrice" time="4.612"/>
  <system-out/>
</testsuite> <!-- web.amazon.tests.PriceTests -->
