<?xml version="1.0" encoding="UTF-8"?>
<!-- Generated by org.testng.reporters.JUnitReportReporter -->
<testsuite hostname="DESKTOP-N29B01S" failures="0" tests="1" name="service.git.events.tests.APITest" time="1.648" errors="0" timestamp="2021-01-31T22:26:04 AWST" skipped="0">
  <testcase classname="service.git.events.tests.APITest" name="verifyEventAPI" time="1.648"/>
  <system-out/>
</testsuite> <!-- service.git.events.tests.APITest -->
